<?xml version="1.0" encoding="UTF-8"?>
<testng-results ignored="0" total="1" passed="1" failed="0" skipped="0">
  <reporter-output>
  </reporter-output>
  <suite started-at="2023-07-13T08:39:23 NZST" name="Default suite" finished-at="2023-07-13T08:39:42 NZST" duration-ms="19744">
    <groups>
    </groups>
    <test started-at="2023-07-13T08:39:23 NZST" name="Default test" finished-at="2023-07-13T08:39:42 NZST" duration-ms="19744">
      <class name="BuffyBrowser.MobileBrowserTest">
        <test-method is-config="true" signature="ConfigureAppium()[pri:0, instance:BuffyBrowser.MobileBrowserTest@54422e18]" started-at="2023-07-13T08:39:23 NZST" name="ConfigureAppium" finished-at="2023-07-13T08:39:34 NZST" duration-ms="11123" status="PASS">
          <reporter-output>
          </reporter-output>
        </test-method> <!-- ConfigureAppium -->
        <test-method signature="browserTest()[pri:0, instance:BuffyBrowser.MobileBrowserTest@54422e18]" started-at="2023-07-13T08:39:34 NZST" name="browserTest" finished-at="2023-07-13T08:39:42 NZST" duration-ms="8105" status="PASS">
          <reporter-output>
          </reporter-output>
        </test-method> <!-- browserTest -->
        <test-method is-config="true" signature="tearDown()[pri:0, instance:BuffyBrowser.MobileBrowserTest@54422e18]" started-at="2023-07-13T08:39:42 NZST" name="tearDown" finished-at="2023-07-13T08:39:42 NZST" duration-ms="472" status="PASS">
          <reporter-output>
          </reporter-output>
        </test-method> <!-- tearDown -->
      </class> <!-- BuffyBrowser.MobileBrowserTest -->
    </test> <!-- Default test -->
  </suite> <!-- Default suite -->
</testng-results>
